[   33298ms] [ERROR] %o

%s

%s
 ReferenceError: ResizablePanelGroup is not defined
    at RootComponent (http://localhost:5173/src/routes/__root.tsx?t=1773155294569:171:177)
    at Object.react_stack_bottom_frame (http://localhost:5173/node_modules/.vite/deps/react-dom_client.js?v=431ac238:18509:20)
    at renderWithHooks (http://localhost:5173/node_modules/.vite/deps/react-dom_client.js?v=431ac238:5654:24)
    at updateFunctionComponent (http://localhost:5173/node_modules/.vite/deps/react-dom_client.js?v=431ac238:7475:21)
    at beginWork (http://localhost:5173/node_modules/.vite/deps/react-dom_client.js?v=431ac238:8525:20)
    at runWithFiberInDEV (http://localhost:5173/node_modules/.vite/deps/react-dom_client.js?v=431ac238:997:72)
    at performUnitOfWork (http://localhost:5173/node_modules/.vite/deps/react-dom_client.js?v=431ac238:12561:98)
    at workLoopSync (http://localhost:5173/node_modules/.vite/deps/react-dom_client.js?v=431ac238:12424:43)
    at renderRootSync (http://localhost:5173/node_modules/.vite/deps/react-dom_client.js?v=431ac238:12408:13)
    at performWorkOnRoot (http://localhost:5173/node_modules/.vite/deps/react-dom_client.js?v=431ac238:11827:37) The above error occurred in the <RootComponent> component. React will try to recreate this component tree from scratch using the error boundary you provided, CatchBoundaryImpl. @ http://localhost:5173/src/routes/__root.tsx?t=1773155257449:54
[   33299ms] [WARNING] Warning: The following error wasn't caught by any route! At the very least, consider setting an 'errorComponent' in your RootRoute! @ http://localhost:5173/src/routes/__root.tsx?t=1773155257449:54
[   33299ms] [WARNING] Warning: ResizablePanelGroup is not defined @ http://localhost:5173/src/routes/__root.tsx?t=1773155257449:54
[   33302ms] [ERROR] %o

%s

%s
 ReferenceError: ResizablePanelGroup is not defined
    at RootComponent (http://localhost:5173/src/routes/__root.tsx?t=1773155294569:171:177)
    at Object.react_stack_bottom_frame (http://localhost:5173/node_modules/.vite/deps/react-dom_client.js?v=431ac238:18509:20)
    at renderWithHooks (http://localhost:5173/node_modules/.vite/deps/react-dom_client.js?v=431ac238:5654:24)
    at updateFunctionComponent (http://localhost:5173/node_modules/.vite/deps/react-dom_client.js?v=431ac238:7475:21)
    at beginWork (http://localhost:5173/node_modules/.vite/deps/react-dom_client.js?v=431ac238:8525:20)
    at runWithFiberInDEV (http://localhost:5173/node_modules/.vite/deps/react-dom_client.js?v=431ac238:997:72)
    at performUnitOfWork (http://localhost:5173/node_modules/.vite/deps/react-dom_client.js?v=431ac238:12561:98)
    at workLoopSync (http://localhost:5173/node_modules/.vite/deps/react-dom_client.js?v=431ac238:12424:43)
    at renderRootSync (http://localhost:5173/node_modules/.vite/deps/react-dom_client.js?v=431ac238:12408:13)
    at performWorkOnRoot (http://localhost:5173/node_modules/.vite/deps/react-dom_client.js?v=431ac238:11827:37) The above error occurred in the <RootComponent> component. React will try to recreate this component tree from scratch using the error boundary you provided, CatchBoundaryImpl. @ http://localhost:5173/src/routes/__root.tsx?t=1773155257449:54
[   33302ms] [WARNING] Warning: The following error wasn't caught by any route! At the very least, consider setting an 'errorComponent' in your RootRoute! @ http://localhost:5173/src/routes/__root.tsx?t=1773155257449:54
[   33302ms] [WARNING] Warning: ResizablePanelGroup is not defined @ http://localhost:5173/src/routes/__root.tsx?t=1773155257449:54
